2024-11-08 02:35:20 - INFO - Iniciando bot de automatización
2024-11-08 02:35:20 - INFO - Revisión de inventario completada
2024-11-08 02:35:20 - ERROR - Error en gestión de ofertas: Entity namespace for "ofertas" has no property "notificado"
2024-11-08 02:35:20 - INFO - Gestión de mantenimientos completada
2024-11-08 02:36:17 - INFO - Iniciando bot de automatización
2024-11-08 02:36:17 - INFO - Revisión de inventario completada
2024-11-08 02:36:21 - INFO - Email enviado exitosamente a empresatroll466@gmail.com
2024-11-08 02:36:21 - INFO - Notificación de oferta enviada a empresatroll466@gmail.com para agua
2024-11-08 02:36:24 - INFO - Email enviado exitosamente a empresatroll466@gmail.com
2024-11-08 02:36:24 - INFO - Notificación de oferta enviada a empresatroll466@gmail.com para agua
2024-11-08 02:36:24 - INFO - Gestión de ofertas completada
2024-11-08 02:36:24 - INFO - Gestión de mantenimientos completada
2024-11-08 02:37:24 - INFO - Revisión de inventario completada
2024-11-08 02:37:27 - INFO - Email enviado exitosamente a empresatroll466@gmail.com
2024-11-08 02:37:27 - INFO - Notificación de oferta enviada a empresatroll466@gmail.com para agua
2024-11-08 02:37:30 - INFO - Email enviado exitosamente a empresatroll466@gmail.com
2024-11-08 02:37:30 - INFO - Notificación de oferta enviada a empresatroll466@gmail.com para agua
2024-11-08 02:37:30 - INFO - Gestión de ofertas completada
2024-11-08 02:37:30 - INFO - Gestión de mantenimientos completada
2024-11-08 02:38:30 - INFO - Revisión de inventario completada
2024-11-08 02:38:34 - INFO - Email enviado exitosamente a empresatroll466@gmail.com
2024-11-08 02:38:34 - INFO - Notificación de oferta enviada a empresatroll466@gmail.com para agua
2024-11-08 02:38:37 - INFO - Email enviado exitosamente a empresatroll466@gmail.com
2024-11-08 02:38:37 - INFO - Notificación de oferta enviada a empresatroll466@gmail.com para agua
2024-11-08 02:38:37 - INFO - Gestión de ofertas completada
2024-11-08 02:38:37 - INFO - Gestión de mantenimientos completada
2024-11-08 02:39:39 - INFO - Email enviado exitosamente a empresatroll466@gmail.com
2024-11-08 02:39:42 - INFO - Email enviado exitosamente a empresatroll466@gmail.com
2024-11-08 02:39:42 - INFO - Revisión de inventario completada
2024-11-08 02:39:46 - INFO - Email enviado exitosamente a empresatroll466@gmail.com
2024-11-08 02:39:46 - INFO - Notificación de oferta enviada a empresatroll466@gmail.com para agua
2024-11-08 02:39:49 - INFO - Email enviado exitosamente a empresatroll466@gmail.com
2024-11-08 02:39:49 - INFO - Notificación de oferta enviada a empresatroll466@gmail.com para agua
2024-11-08 02:39:49 - INFO - Gestión de ofertas completada
2024-11-08 02:39:49 - INFO - Gestión de mantenimientos completada
